1637600801229	geckodriver	INFO	Listening on 127.0.0.1:52129
1637600801731	mozrunner::runner	INFO	Running command: "/usr/bin/firefox" "--marionette" "-headless" "--remote-debugging-port" "36375" "-no-remote" "-profile" "/tmp/rust_mozprofileBrRewV"
*** You are running in headless mode.
1637600802249	Marionette	INFO	Marionette enabled
Crash Annotation GraphicsCriticalError: |[0][GFX1-]: RenderCompositorSWGL failed mapping default framebuffer, no dt (t=0.983568) [GFX1-]: RenderCompositorSWGL failed mapping default framebuffer, no dt
console.warn: SearchSettings: "get: No settings file exists, new profile?" (new NotFoundError("Could not open the file at /tmp/rust_mozprofileBrRewV/search.json.mozlz4", (void 0)))
DevTools listening on ws://localhost:36375/devtools/browser/294fea64-17ea-4791-8106-7680825dab9c
1637600803414	Marionette	INFO	Listening on port 44581
1637600803450	RemoteAgent	WARN	TLS certificate errors will be ignored for this session
JavaScript warning: https://assets.genius.com/javascripts/compiled/reactSongClient.desktop-fb6d5886c67e91d29815.js, line 13: unreachable code after return statement
JavaScript warning: https://assets.genius.com/javascripts/compiled/reactSongClient.desktop-fb6d5886c67e91d29815.js, line 29: unreachable code after return statement
JavaScript warning: https://assets.genius.com/javascripts/compiled/reactSongClient.desktop-fb6d5886c67e91d29815.js, line 40: unreachable code after return statement
JavaScript error: https://assets.genius.com/javascripts/compiled/reactSongClient.desktop-fb6d5886c67e91d29815.js, line 1: Error: Loading chunk 11 failed.
(error: https://genius.com/javascripts/compiled/reactPusher.desktop-24f554ea7addeba1a943.js)
1637600809796	Marionette	INFO	Stopped listening on port 44581
JavaScript error: resource:///modules/Interactions.jsm, line 230: NS_ERROR_FAILURE: Component returned failure code: 0x80004005 (NS_ERROR_FAILURE) [nsIUserIdleService.removeIdleObserver]

###!!! [Child][MessageChannel] Error: (msgtype=0x5B0008,name=PHttpChannel::Msg_DeletingChannel) Channel closing: too late to send/recv, messages will be lost


###!!! [Child][MessageChannel] Error: (msgtype=0x5B0007,name=PHttpChannel::Msg_RemoveCorsPreflightCacheEntry) Channel closing: too late to send/recv, messages will be lost


###!!! [Child][MessageChannel] Error: (msgtype=0x5B0008,name=PHttpChannel::Msg_DeletingChannel) Channel closing: too late to send/recv, messages will be lost


###!!! [Child][MessageChannel] Error: (msgtype=0x5B0007,name=PHttpChannel::Msg_RemoveCorsPreflightCacheEntry) Channel closing: too late to send/recv, messages will be lost


###!!! [Child][MessageChannel] Error: (msgtype=0x5B0008,name=PHttpChannel::Msg_DeletingChannel) Channel closing: too late to send/recv, messages will be lost

1637600883545	geckodriver	INFO	Listening on 127.0.0.1:37293
1637600884061	mozrunner::runner	INFO	Running command: "/usr/bin/firefox" "--marionette" "-headless" "--remote-debugging-port" "50733" "-no-remote" "-profile" "/tmp/rust_mozprofile9QTDij"
*** You are running in headless mode.
1637600884434	Marionette	INFO	Marionette enabled
Crash Annotation GraphicsCriticalError: |[0][GFX1-]: RenderCompositorSWGL failed mapping default framebuffer, no dt (t=0.822427) [GFX1-]: RenderCompositorSWGL failed mapping default framebuffer, no dt
console.warn: SearchSettings: "get: No settings file exists, new profile?" (new NotFoundError("Could not open the file at /tmp/rust_mozprofile9QTDij/search.json.mozlz4", (void 0)))
DevTools listening on ws://localhost:50733/devtools/browser/6df9d3d3-966b-4f4e-8831-a1060013e19b
1637600885427	Marionette	INFO	Listening on port 34459
1637600885488	RemoteAgent	WARN	TLS certificate errors will be ignored for this session
1637600889697	Marionette	INFO	Stopped listening on port 34459
JavaScript error: resource:///modules/Interactions.jsm, line 230: NS_ERROR_FAILURE: Component returned failure code: 0x80004005 (NS_ERROR_FAILURE) [nsIUserIdleService.removeIdleObserver]
console.error: Region.jsm: "Error fetching region" (new TypeError("NetworkError when attempting to fetch resource.", ""))
console.error: Region.jsm: "Failed to fetch region" (new Error("NO_RESULT", "resource://gre/modules/Region.jsm", 419))
[Parent 9269, IPC I/O Parent] WARNING: FileDescriptorSet destroyed with unconsumed descriptors: file /var/tmp/portage/www-client/firefox-92.0.1/work/firefox-92.0.1/ipc/chromium/src/chrome/common/file_descriptor_set_posix.cc:19
1637600920303	geckodriver	INFO	Listening on 127.0.0.1:57753
1637600920818	mozrunner::runner	INFO	Running command: "/usr/bin/firefox" "--marionette" "-headless" "--remote-debugging-port" "33807" "-no-remote" "-profile" "/tmp/rust_mozprofileLddXzV"
*** You are running in headless mode.
1637600921219	Marionette	INFO	Marionette enabled
Crash Annotation GraphicsCriticalError: |[0][GFX1-]: RenderCompositorSWGL failed mapping default framebuffer, no dt (t=0.8241) [GFX1-]: RenderCompositorSWGL failed mapping default framebuffer, no dt
console.warn: SearchSettings: "get: No settings file exists, new profile?" (new NotFoundError("Could not open the file at /tmp/rust_mozprofileLddXzV/search.json.mozlz4", (void 0)))
DevTools listening on ws://localhost:33807/devtools/browser/37e048e2-676d-4164-96da-3d3d714476fd
1637600922193	Marionette	INFO	Listening on port 41131
1637600922244	RemoteAgent	WARN	TLS certificate errors will be ignored for this session
JavaScript warning: https://assets.genius.com/javascripts/compiled/reactSongClient.desktop-fb6d5886c67e91d29815.js, line 13: unreachable code after return statement
JavaScript warning: https://assets.genius.com/javascripts/compiled/reactSongClient.desktop-fb6d5886c67e91d29815.js, line 29: unreachable code after return statement
JavaScript warning: https://assets.genius.com/javascripts/compiled/reactSongClient.desktop-fb6d5886c67e91d29815.js, line 40: unreachable code after return statement
JavaScript error: https://assets.genius.com/javascripts/compiled/reactSongClient.desktop-fb6d5886c67e91d29815.js, line 1: Error: Loading chunk 11 failed.
(error: https://genius.com/javascripts/compiled/reactPusher.desktop-24f554ea7addeba1a943.js)
1637600925022	Marionette	INFO	Stopped listening on port 41131
JavaScript error: resource:///modules/Interactions.jsm, line 230: NS_ERROR_FAILURE: Component returned failure code: 0x80004005 (NS_ERROR_FAILURE) [nsIUserIdleService.removeIdleObserver]
JavaScript error: resource:///actors/ContentMetaChild.jsm, line 179: InvalidStateError: JSWindowActorChild.sendAsyncMessage: JSWindowActorChild cannot send at the moment

###!!! [Parent][RunMessage] Error: Channel closing: too late to send/recv, messages will be lost

1637601224039	geckodriver	INFO	Listening on 127.0.0.1:58607
1637601224554	mozrunner::runner	INFO	Running command: "/usr/bin/firefox" "--marionette" "-headless" "--remote-debugging-port" "40157" "-no-remote" "-profile" "/tmp/rust_mozprofile5E7jxP"
*** You are running in headless mode.
1637601224993	Marionette	INFO	Marionette enabled
Crash Annotation GraphicsCriticalError: |[0][GFX1-]: RenderCompositorSWGL failed mapping default framebuffer, no dt (t=0.95235) [GFX1-]: RenderCompositorSWGL failed mapping default framebuffer, no dt
console.warn: SearchSettings: "get: No settings file exists, new profile?" (new NotFoundError("Could not open the file at /tmp/rust_mozprofile5E7jxP/search.json.mozlz4", (void 0)))
DevTools listening on ws://localhost:40157/devtools/browser/abab259f-858a-41dc-b858-75f104991212
1637601226056	Marionette	INFO	Listening on port 42259
1637601226077	RemoteAgent	WARN	TLS certificate errors will be ignored for this session
1637601234151	Marionette	INFO	Stopped listening on port 42259
JavaScript error: resource:///modules/Interactions.jsm, line 230: NS_ERROR_FAILURE: Component returned failure code: 0x80004005 (NS_ERROR_FAILURE) [nsIUserIdleService.removeIdleObserver]

###!!! [Parent][RunMessage] Error: Channel closing: too late to send/recv, messages will be lost

1637601240861	geckodriver	INFO	Listening on 127.0.0.1:37061
1637601241375	mozrunner::runner	INFO	Running command: "/usr/bin/firefox" "--marionette" "-headless" "--remote-debugging-port" "51387" "-no-remote" "-profile" "/tmp/rust_mozprofilemN15oI"
*** You are running in headless mode.
1637601241807	Marionette	INFO	Marionette enabled
Crash Annotation GraphicsCriticalError: |[0][GFX1-]: RenderCompositorSWGL failed mapping default framebuffer, no dt (t=0.838388) [GFX1-]: RenderCompositorSWGL failed mapping default framebuffer, no dt
console.warn: SearchSettings: "get: No settings file exists, new profile?" (new NotFoundError("Could not open the file at /tmp/rust_mozprofilemN15oI/search.json.mozlz4", (void 0)))
DevTools listening on ws://localhost:51387/devtools/browser/8913d9b1-3c77-4be8-a728-fb64005c0411
1637601242789	Marionette	INFO	Listening on port 37141
1637601242896	RemoteAgent	WARN	TLS certificate errors will be ignored for this session
1637601246758	Marionette	INFO	Stopped listening on port 37141
JavaScript error: resource:///modules/Interactions.jsm, line 230: NS_ERROR_FAILURE: Component returned failure code: 0x80004005 (NS_ERROR_FAILURE) [nsIUserIdleService.removeIdleObserver]

###!!! [Parent][RunMessage] Error: Channel closing: too late to send/recv, messages will be lost

1637601270221	geckodriver	INFO	Listening on 127.0.0.1:58943
1637601270740	mozrunner::runner	INFO	Running command: "/usr/bin/firefox" "--marionette" "-headless" "--remote-debugging-port" "60597" "-no-remote" "-profile" "/tmp/rust_mozprofileBefaJL"
*** You are running in headless mode.
1637601271107	Marionette	INFO	Marionette enabled
Crash Annotation GraphicsCriticalError: |[0][GFX1-]: RenderCompositorSWGL failed mapping default framebuffer, no dt (t=0.828163) [GFX1-]: RenderCompositorSWGL failed mapping default framebuffer, no dt
console.warn: SearchSettings: "get: No settings file exists, new profile?" (new NotFoundError("Could not open the file at /tmp/rust_mozprofileBefaJL/search.json.mozlz4", (void 0)))
DevTools listening on ws://localhost:60597/devtools/browser/82808886-dcb5-4e79-b3d2-1fa922bc28f1
1637601272118	Marionette	INFO	Listening on port 38039
1637601272158	RemoteAgent	WARN	TLS certificate errors will be ignored for this session
JavaScript warning: https://assets.genius.com/javascripts/compiled/reactSongClient.desktop-fb6d5886c67e91d29815.js, line 13: unreachable code after return statement
JavaScript warning: https://assets.genius.com/javascripts/compiled/reactSongClient.desktop-fb6d5886c67e91d29815.js, line 29: unreachable code after return statement
JavaScript warning: https://assets.genius.com/javascripts/compiled/reactSongClient.desktop-fb6d5886c67e91d29815.js, line 40: unreachable code after return statement
JavaScript error: https://assets.genius.com/javascripts/compiled/reactSongClient.desktop-fb6d5886c67e91d29815.js, line 1: Error: Loading chunk 11 failed.
(error: https://genius.com/javascripts/compiled/reactPusher.desktop-24f554ea7addeba1a943.js)
1637601275412	Marionette	INFO	Stopped listening on port 38039
JavaScript error: resource:///modules/Interactions.jsm, line 230: NS_ERROR_FAILURE: Component returned failure code: 0x80004005 (NS_ERROR_FAILURE) [nsIUserIdleService.removeIdleObserver]
1637601757854	geckodriver	INFO	Listening on 127.0.0.1:48873
1637601758371	mozrunner::runner	INFO	Running command: "/usr/bin/firefox" "--marionette" "-headless" "--remote-debugging-port" "52525" "-no-remote" "-profile" "/tmp/rust_mozprofileLy4ThV"
*** You are running in headless mode.
1637601758825	Marionette	INFO	Marionette enabled
Crash Annotation GraphicsCriticalError: |[0][GFX1-]: RenderCompositorSWGL failed mapping default framebuffer, no dt (t=0.932826) [GFX1-]: RenderCompositorSWGL failed mapping default framebuffer, no dt
console.warn: SearchSettings: "get: No settings file exists, new profile?" (new NotFoundError("Could not open the file at /tmp/rust_mozprofileLy4ThV/search.json.mozlz4", (void 0)))
DevTools listening on ws://localhost:52525/devtools/browser/bd3e287b-60b4-4839-bc79-7fdd0ca2b553
1637601759940	Marionette	INFO	Listening on port 40921
1637601759990	RemoteAgent	WARN	TLS certificate errors will be ignored for this session
1637601764234	Marionette	INFO	Stopped listening on port 40921
JavaScript error: resource:///modules/Interactions.jsm, line 230: NS_ERROR_FAILURE: Component returned failure code: 0x80004005 (NS_ERROR_FAILURE) [nsIUserIdleService.removeIdleObserver]

###!!! [Parent][RunMessage] Error: Channel closing: too late to send/recv, messages will be lost

1637601853595	geckodriver	INFO	Listening on 127.0.0.1:35269
1637601854105	mozrunner::runner	INFO	Running command: "/usr/bin/firefox" "--marionette" "-headless" "--remote-debugging-port" "36559" "-no-remote" "-profile" "/tmp/rust_mozprofileDX0KsF"
*** You are running in headless mode.
1637601854600	Marionette	INFO	Marionette enabled
Crash Annotation GraphicsCriticalError: |[0][GFX1-]: RenderCompositorSWGL failed mapping default framebuffer, no dt (t=1.00099) [GFX1-]: RenderCompositorSWGL failed mapping default framebuffer, no dt
console.warn: SearchSettings: "get: No settings file exists, new profile?" (new NotFoundError("Could not open the file at /tmp/rust_mozprofileDX0KsF/search.json.mozlz4", (void 0)))
DevTools listening on ws://localhost:36559/devtools/browser/81abec51-c86a-40bc-88f8-fd7f8863789c
1637601855721	Marionette	INFO	Listening on port 36341
1637601855849	RemoteAgent	WARN	TLS certificate errors will be ignored for this session
JavaScript warning: https://assets.genius.com/javascripts/compiled/reactSongClient.desktop-fb6d5886c67e91d29815.js, line 13: unreachable code after return statement
JavaScript warning: https://assets.genius.com/javascripts/compiled/reactSongClient.desktop-fb6d5886c67e91d29815.js, line 29: unreachable code after return statement
JavaScript warning: https://assets.genius.com/javascripts/compiled/reactSongClient.desktop-fb6d5886c67e91d29815.js, line 40: unreachable code after return statement
JavaScript error: https://assets.genius.com/javascripts/compiled/reactSongClient.desktop-fb6d5886c67e91d29815.js, line 1: Error: Loading chunk 11 failed.
(error: https://genius.com/javascripts/compiled/reactPusher.desktop-24f554ea7addeba1a943.js)
1637601860766	Marionette	INFO	Stopped listening on port 36341
JavaScript error: resource:///modules/Interactions.jsm, line 230: NS_ERROR_FAILURE: Component returned failure code: 0x80004005 (NS_ERROR_FAILURE) [nsIUserIdleService.removeIdleObserver]
1637601996749	geckodriver	INFO	Listening on 127.0.0.1:34727
1637601997262	mozrunner::runner	INFO	Running command: "/usr/bin/firefox" "--marionette" "-headless" "--remote-debugging-port" "58827" "-no-remote" "-profile" "/tmp/rust_mozprofile1baq8p"
*** You are running in headless mode.
1637601997713	Marionette	INFO	Marionette enabled
Crash Annotation GraphicsCriticalError: |[0][GFX1-]: RenderCompositorSWGL failed mapping default framebuffer, no dt (t=0.881347) [GFX1-]: RenderCompositorSWGL failed mapping default framebuffer, no dt
console.warn: SearchSettings: "get: No settings file exists, new profile?" (new NotFoundError("Could not open the file at /tmp/rust_mozprofile1baq8p/search.json.mozlz4", (void 0)))
DevTools listening on ws://localhost:58827/devtools/browser/e48b6c35-5169-49ac-a0e1-fbc49393f672
1637601998863	Marionette	INFO	Listening on port 42411
1637601998901	RemoteAgent	WARN	TLS certificate errors will be ignored for this session
JavaScript warning: https://assets.genius.com/javascripts/compiled/reactSongClient.desktop-fb6d5886c67e91d29815.js, line 13: unreachable code after return statement
JavaScript warning: https://assets.genius.com/javascripts/compiled/reactSongClient.desktop-fb6d5886c67e91d29815.js, line 29: unreachable code after return statement
JavaScript warning: https://assets.genius.com/javascripts/compiled/reactSongClient.desktop-fb6d5886c67e91d29815.js, line 40: unreachable code after return statement
JavaScript error: https://assets.genius.com/javascripts/compiled/reactSongClient.desktop-fb6d5886c67e91d29815.js, line 1: Error: Loading chunk 11 failed.
(error: https://genius.com/javascripts/compiled/reactPusher.desktop-24f554ea7addeba1a943.js)
1637602008596	Marionette	INFO	Stopped listening on port 42411
JavaScript error: resource:///modules/Interactions.jsm, line 230: NS_ERROR_FAILURE: Component returned failure code: 0x80004005 (NS_ERROR_FAILURE) [nsIUserIdleService.removeIdleObserver]

###!!! [Child][RunMessage] Error: Channel closing: too late to send/recv, messages will be lost


###!!! [Child][RunMessage] Error: Channel closing: too late to send/recv, messages will be lost


###!!! [Child][RunMessage] Error: Channel closing: too late to send/recv, messages will be lost

[Parent 11480, IPC I/O Parent] WARNING: FileDescriptorSet destroyed with unconsumed descriptors: file /var/tmp/portage/www-client/firefox-92.0.1/work/firefox-92.0.1/ipc/chromium/src/chrome/common/file_descriptor_set_posix.cc:19

###!!! [Parent][RunMessage] Error: Channel closing: too late to send/recv, messages will be lost

1637607192922	geckodriver	INFO	Listening on 127.0.0.1:34279
1637607193424	mozrunner::runner	INFO	Running command: "/usr/bin/firefox" "--marionette" "-headless" "--remote-debugging-port" "52107" "-no-remote" "-profile" "/tmp/rust_mozprofileizqNcV"
*** You are running in headless mode.
1637607194300	Marionette	INFO	Marionette enabled
Crash Annotation GraphicsCriticalError: |[0][GFX1-]: RenderCompositorSWGL failed mapping default framebuffer, no dt (t=1.44015) [GFX1-]: RenderCompositorSWGL failed mapping default framebuffer, no dt
console.warn: SearchSettings: "get: No settings file exists, new profile?" (new NotFoundError("Could not open the file at /tmp/rust_mozprofileizqNcV/search.json.mozlz4", (void 0)))
DevTools listening on ws://localhost:52107/devtools/browser/30f9ecab-6df5-42f9-aa98-465c3a45b488
1637607195688	Marionette	INFO	Listening on port 34993
1637607195752	RemoteAgent	WARN	TLS certificate errors will be ignored for this session
1637607203410	Marionette	INFO	Stopped listening on port 34993
JavaScript error: resource:///modules/Interactions.jsm, line 230: NS_ERROR_FAILURE: Component returned failure code: 0x80004005 (NS_ERROR_FAILURE) [nsIUserIdleService.removeIdleObserver]

###!!! [Parent][RunMessage] Error: Channel closing: too late to send/recv, messages will be lost

1637614778875	geckodriver	INFO	Listening on 127.0.0.1:47329
1637614779372	mozrunner::runner	INFO	Running command: "/usr/bin/firefox" "--marionette" "-headless" "--remote-debugging-port" "55633" "-no-remote" "-profile" "/tmp/rust_mozprofile3sRiPF"
*** You are running in headless mode.
1637614779914	Marionette	INFO	Marionette enabled
Crash Annotation GraphicsCriticalError: |[0][GFX1-]: RenderCompositorSWGL failed mapping default framebuffer, no dt (t=1.27136) [GFX1-]: RenderCompositorSWGL failed mapping default framebuffer, no dt
console.warn: SearchSettings: "get: No settings file exists, new profile?" (new NotFoundError("Could not open the file at /tmp/rust_mozprofile3sRiPF/search.json.mozlz4", (void 0)))
DevTools listening on ws://localhost:55633/devtools/browser/2499aa67-4c8b-4446-9c4e-19a479924571
1637614781649	Marionette	INFO	Listening on port 45251
1637614781706	RemoteAgent	WARN	TLS certificate errors will be ignored for this session
1637614789952	Marionette	INFO	Stopped listening on port 45251
JavaScript error: resource:///modules/Interactions.jsm, line 230: NS_ERROR_FAILURE: Component returned failure code: 0x80004005 (NS_ERROR_FAILURE) [nsIUserIdleService.removeIdleObserver]

###!!! [Parent][RunMessage] Error: Channel closing: too late to send/recv, messages will be lost

1637770216830	geckodriver	INFO	Listening on 127.0.0.1:60177
1637770217330	mozrunner::runner	INFO	Running command: "/usr/bin/firefox" "--marionette" "-headless" "--remote-debugging-port" "55821" "-no-remote" "-profile" "/tmp/rust_mozprofilehUZ7iD"
*** You are running in headless mode.
1637770218515	Marionette	INFO	Marionette enabled
Crash Annotation GraphicsCriticalError: |[0][GFX1-]: RenderCompositorSWGL failed mapping default framebuffer, no dt (t=1.71018) [GFX1-]: RenderCompositorSWGL failed mapping default framebuffer, no dt
console.warn: SearchSettings: "get: No settings file exists, new profile?" (new NotFoundError("Could not open the file at /tmp/rust_mozprofilehUZ7iD/search.json.mozlz4", (void 0)))
DevTools listening on ws://localhost:55821/devtools/browser/72e309ca-a66c-4f29-bde9-5807b63c1404
1637770219679	Marionette	INFO	Listening on port 43965
1637770219820	RemoteAgent	WARN	TLS certificate errors will be ignored for this session
JavaScript warning: https://assets.genius.com/javascripts/compiled/reactSongClient.desktop-cb5c85c382953c0cbcec.js, line 13: unreachable code after return statement
JavaScript warning: https://assets.genius.com/javascripts/compiled/reactSongClient.desktop-cb5c85c382953c0cbcec.js, line 29: unreachable code after return statement
JavaScript warning: https://assets.genius.com/javascripts/compiled/reactSongClient.desktop-cb5c85c382953c0cbcec.js, line 40: unreachable code after return statement
JavaScript error: https://assets.genius.com/javascripts/compiled/reactSongClient.desktop-cb5c85c382953c0cbcec.js, line 1: Error: Loading chunk 11 failed.
(error: https://genius.com/javascripts/compiled/reactPusher.desktop-24f554ea7addeba1a943.js)
1637770227247	Marionette	INFO	Stopped listening on port 43965
JavaScript error: resource:///modules/Interactions.jsm, line 230: NS_ERROR_FAILURE: Component returned failure code: 0x80004005 (NS_ERROR_FAILURE) [nsIUserIdleService.removeIdleObserver]

###!!! [Child][RunMessage] Error: Channel closing: too late to send/recv, messages will be lost


###!!! [Parent][RunMessage] Error: Channel closing: too late to send/recv, messages will be lost

1637770409210	geckodriver	INFO	Listening on 127.0.0.1:54815
1637770409721	mozrunner::runner	INFO	Running command: "/usr/bin/firefox" "--marionette" "-headless" "--remote-debugging-port" "58065" "-no-remote" "-profile" "/tmp/rust_mozprofileySCmRN"
*** You are running in headless mode.
1637770410076	Marionette	INFO	Marionette enabled
Crash Annotation GraphicsCriticalError: |[0][GFX1-]: RenderCompositorSWGL failed mapping default framebuffer, no dt (t=0.779713) [GFX1-]: RenderCompositorSWGL failed mapping default framebuffer, no dt
console.warn: SearchSettings: "get: No settings file exists, new profile?" (new NotFoundError("Could not open the file at /tmp/rust_mozprofileySCmRN/search.json.mozlz4", (void 0)))
DevTools listening on ws://localhost:58065/devtools/browser/f3674c9a-236b-41b0-8a97-d26adb88abbe
1637770411136	Marionette	INFO	Listening on port 40371
1637770411242	RemoteAgent	WARN	TLS certificate errors will be ignored for this session
1637770416359	Marionette	INFO	Stopped listening on port 40371
JavaScript error: resource:///modules/Interactions.jsm, line 230: NS_ERROR_FAILURE: Component returned failure code: 0x80004005 (NS_ERROR_FAILURE) [nsIUserIdleService.removeIdleObserver]
1637770627439	geckodriver	INFO	Listening on 127.0.0.1:51885
1637770627949	mozrunner::runner	INFO	Running command: "/usr/bin/firefox" "--marionette" "-headless" "--remote-debugging-port" "56835" "-no-remote" "-profile" "/tmp/rust_mozprofilebbT4GV"
*** You are running in headless mode.
1637770628373	Marionette	INFO	Marionette enabled
Crash Annotation GraphicsCriticalError: |[0][GFX1-]: RenderCompositorSWGL failed mapping default framebuffer, no dt (t=0.931792) [GFX1-]: RenderCompositorSWGL failed mapping default framebuffer, no dt
console.warn: SearchSettings: "get: No settings file exists, new profile?" (new NotFoundError("Could not open the file at /tmp/rust_mozprofilebbT4GV/search.json.mozlz4", (void 0)))
DevTools listening on ws://localhost:56835/devtools/browser/fa029991-a682-47d6-80a3-f49a47f6a360
1637770629524	Marionette	INFO	Listening on port 33123
1637770629571	RemoteAgent	WARN	TLS certificate errors will be ignored for this session
JavaScript warning: https://assets.genius.com/javascripts/compiled/reactSongClient.desktop-cb5c85c382953c0cbcec.js, line 13: unreachable code after return statement
JavaScript warning: https://assets.genius.com/javascripts/compiled/reactSongClient.desktop-cb5c85c382953c0cbcec.js, line 29: unreachable code after return statement
JavaScript warning: https://assets.genius.com/javascripts/compiled/reactSongClient.desktop-cb5c85c382953c0cbcec.js, line 40: unreachable code after return statement
JavaScript error: https://assets.genius.com/javascripts/compiled/reactSongClient.desktop-cb5c85c382953c0cbcec.js, line 1: Error: Loading chunk 11 failed.
(error: https://genius.com/javascripts/compiled/reactPusher.desktop-24f554ea7addeba1a943.js)
1637770633120	Marionette	INFO	Stopped listening on port 33123
JavaScript error: resource:///modules/Interactions.jsm, line 230: NS_ERROR_FAILURE: Component returned failure code: 0x80004005 (NS_ERROR_FAILURE) [nsIUserIdleService.removeIdleObserver]

###!!! [Parent][RunMessage] Error: Channel closing: too late to send/recv, messages will be lost

1637771145806	geckodriver	INFO	Listening on 127.0.0.1:57537
1637771146309	mozrunner::runner	INFO	Running command: "/usr/bin/firefox" "--marionette" "-headless" "--remote-debugging-port" "44823" "-no-remote" "-profile" "/tmp/rust_mozprofile648hgJ"
*** You are running in headless mode.
1637771146777	Marionette	INFO	Marionette enabled
Crash Annotation GraphicsCriticalError: |[0][GFX1-]: RenderCompositorSWGL failed mapping default framebuffer, no dt (t=0.964) [GFX1-]: RenderCompositorSWGL failed mapping default framebuffer, no dt
console.warn: SearchSettings: "get: No settings file exists, new profile?" (new NotFoundError("Could not open the file at /tmp/rust_mozprofile648hgJ/search.json.mozlz4", (void 0)))
DevTools listening on ws://localhost:44823/devtools/browser/736a1de4-15df-47fa-ace2-22efb2b96e18
1637771147875	Marionette	INFO	Listening on port 40025
1637771147932	RemoteAgent	WARN	TLS certificate errors will be ignored for this session
1637771152512	Marionette	INFO	Stopped listening on port 40025
JavaScript error: resource:///modules/Interactions.jsm, line 230: NS_ERROR_FAILURE: Component returned failure code: 0x80004005 (NS_ERROR_FAILURE) [nsIUserIdleService.removeIdleObserver]

###!!! [Child][MessageChannel] Error: (msgtype=0x5B0007,name=PHttpChannel::Msg_RemoveCorsPreflightCacheEntry) Channel closing: too late to send/recv, messages will be lost


###!!! [Child][MessageChannel] Error: (msgtype=0x5B0008,name=PHttpChannel::Msg_DeletingChannel) Channel closing: too late to send/recv, messages will be lost


###!!! [Child][MessageChannel] Error: (msgtype=0x5B0008,name=PHttpChannel::Msg_DeletingChannel) Channel closing: too late to send/recv, messages will be lost


###!!! [Child][MessageChannel] Error: (msgtype=0x5B0008,name=PHttpChannel::Msg_DeletingChannel) Channel closing: too late to send/recv, messages will be lost


###!!! [Child][MessageChannel] Error: (msgtype=0x5B0008,name=PHttpChannel::Msg_DeletingChannel) Channel closing: too late to send/recv, messages will be lost

1637771187130	geckodriver	INFO	Listening on 127.0.0.1:55187
1637771187634	mozrunner::runner	INFO	Running command: "/usr/bin/firefox" "--marionette" "-headless" "--remote-debugging-port" "33223" "-no-remote" "-profile" "/tmp/rust_mozprofilejyIxCY"
*** You are running in headless mode.
1637771188084	Marionette	INFO	Marionette enabled
Crash Annotation GraphicsCriticalError: |[0][GFX1-]: RenderCompositorSWGL failed mapping default framebuffer, no dt (t=0.894903) [GFX1-]: RenderCompositorSWGL failed mapping default framebuffer, no dt
console.warn: SearchSettings: "get: No settings file exists, new profile?" (new NotFoundError("Could not open the file at /tmp/rust_mozprofilejyIxCY/search.json.mozlz4", (void 0)))
DevTools listening on ws://localhost:33223/devtools/browser/26d7461d-5ee2-4439-ad83-63625815f83b
1637771189110	Marionette	INFO	Listening on port 33345
1637771189157	RemoteAgent	WARN	TLS certificate errors will be ignored for this session
JavaScript warning: https://assets.genius.com/javascripts/compiled/reactSongClient.desktop-cb5c85c382953c0cbcec.js, line 13: unreachable code after return statement
JavaScript warning: https://assets.genius.com/javascripts/compiled/reactSongClient.desktop-cb5c85c382953c0cbcec.js, line 29: unreachable code after return statement
JavaScript warning: https://assets.genius.com/javascripts/compiled/reactSongClient.desktop-cb5c85c382953c0cbcec.js, line 40: unreachable code after return statement
JavaScript error: https://assets.genius.com/javascripts/compiled/reactSongClient.desktop-cb5c85c382953c0cbcec.js, line 1: Error: Loading chunk 11 failed.
(error: https://genius.com/javascripts/compiled/reactPusher.desktop-24f554ea7addeba1a943.js)
1637771193992	Marionette	INFO	Stopped listening on port 33345
JavaScript error: resource:///modules/Interactions.jsm, line 230: NS_ERROR_FAILURE: Component returned failure code: 0x80004005 (NS_ERROR_FAILURE) [nsIUserIdleService.removeIdleObserver]

###!!! [Child][RunMessage] Error: Channel closing: too late to send/recv, messages will be lost


###!!! [Child][MessageChannel] Error: (msgtype=0x5B0007,name=PHttpChannel::Msg_RemoveCorsPreflightCacheEntry) Channel closing: too late to send/recv, messages will be lost


###!!! [Child][MessageChannel] Error: (msgtype=0x5B0004,name=PHttpChannel::Msg_Cancel) Channel closing: too late to send/recv, messages will be lost


###!!! [Child][MessageChannel] Error: (msgtype=0x5B0008,name=PHttpChannel::Msg_DeletingChannel) Channel closing: too late to send/recv, messages will be lost


###!!! [Parent][RunMessage] Error: Channel closing: too late to send/recv, messages will be lost

1637771285075	geckodriver	INFO	Listening on 127.0.0.1:36257
1637771285579	mozrunner::runner	INFO	Running command: "/usr/bin/firefox" "--marionette" "-headless" "--remote-debugging-port" "34065" "-no-remote" "-profile" "/tmp/rust_mozprofileF60wSa"
*** You are running in headless mode.
1637771286024	Marionette	INFO	Marionette enabled
Crash Annotation GraphicsCriticalError: |[0][GFX1-]: RenderCompositorSWGL failed mapping default framebuffer, no dt (t=0.908241) [GFX1-]: RenderCompositorSWGL failed mapping default framebuffer, no dt
console.warn: SearchSettings: "get: No settings file exists, new profile?" (new NotFoundError("Could not open the file at /tmp/rust_mozprofileF60wSa/search.json.mozlz4", (void 0)))
DevTools listening on ws://localhost:34065/devtools/browser/2d40621d-c95e-4d1f-9319-35e5516c4c8f
1637771287039	Marionette	INFO	Listening on port 37825
1637771287096	RemoteAgent	WARN	TLS certificate errors will be ignored for this session
1637771290687	Marionette	INFO	Stopped listening on port 37825
JavaScript error: resource:///modules/Interactions.jsm, line 230: NS_ERROR_FAILURE: Component returned failure code: 0x80004005 (NS_ERROR_FAILURE) [nsIUserIdleService.removeIdleObserver]
1637771297915	geckodriver	INFO	Listening on 127.0.0.1:55667
1637771298419	mozrunner::runner	INFO	Running command: "/usr/bin/firefox" "--marionette" "-headless" "--remote-debugging-port" "51107" "-no-remote" "-profile" "/tmp/rust_mozprofileXR8VIy"
*** You are running in headless mode.
1637771298832	Marionette	INFO	Marionette enabled
Crash Annotation GraphicsCriticalError: |[0][GFX1-]: RenderCompositorSWGL failed mapping default framebuffer, no dt (t=0.881753) [GFX1-]: RenderCompositorSWGL failed mapping default framebuffer, no dt
console.warn: SearchSettings: "get: No settings file exists, new profile?" (new NotFoundError("Could not open the file at /tmp/rust_mozprofileXR8VIy/search.json.mozlz4", (void 0)))
DevTools listening on ws://localhost:51107/devtools/browser/06e4c778-cbb7-435f-a92b-c5cbcec21f12
1637771299852	Marionette	INFO	Listening on port 46533
1637771299937	RemoteAgent	WARN	TLS certificate errors will be ignored for this session
JavaScript warning: https://assets.genius.com/javascripts/compiled/reactSongClient.desktop-cb5c85c382953c0cbcec.js, line 13: unreachable code after return statement
JavaScript warning: https://assets.genius.com/javascripts/compiled/reactSongClient.desktop-cb5c85c382953c0cbcec.js, line 29: unreachable code after return statement
JavaScript warning: https://assets.genius.com/javascripts/compiled/reactSongClient.desktop-cb5c85c382953c0cbcec.js, line 40: unreachable code after return statement
JavaScript error: https://assets.genius.com/javascripts/compiled/reactSongClient.desktop-cb5c85c382953c0cbcec.js, line 1: Error: Loading chunk 11 failed.
(error: https://genius.com/javascripts/compiled/reactPusher.desktop-24f554ea7addeba1a943.js)
1637771305256	Marionette	INFO	Stopped listening on port 46533
JavaScript error: resource:///modules/Interactions.jsm, line 230: NS_ERROR_FAILURE: Component returned failure code: 0x80004005 (NS_ERROR_FAILURE) [nsIUserIdleService.removeIdleObserver]

###!!! [Parent][RunMessage] Error: Channel closing: too late to send/recv, messages will be lost

1637771442971	geckodriver	INFO	Listening on 127.0.0.1:57649
1637771443475	mozrunner::runner	INFO	Running command: "/usr/bin/firefox" "--marionette" "-headless" "--remote-debugging-port" "51437" "-no-remote" "-profile" "/tmp/rust_mozprofilejWqvGy"
*** You are running in headless mode.
1637771443884	Marionette	INFO	Marionette enabled
Crash Annotation GraphicsCriticalError: |[0][GFX1-]: RenderCompositorSWGL failed mapping default framebuffer, no dt (t=0.864487) [GFX1-]: RenderCompositorSWGL failed mapping default framebuffer, no dt
console.warn: SearchSettings: "get: No settings file exists, new profile?" (new NotFoundError("Could not open the file at /tmp/rust_mozprofilejWqvGy/search.json.mozlz4", (void 0)))
DevTools listening on ws://localhost:51437/devtools/browser/80b65f6c-bc77-4383-8614-1328763b3209
1637771444910	Marionette	INFO	Listening on port 34103
1637771444991	RemoteAgent	WARN	TLS certificate errors will be ignored for this session
1637771449868	Marionette	INFO	Stopped listening on port 34103
JavaScript error: resource:///modules/Interactions.jsm, line 230: NS_ERROR_FAILURE: Component returned failure code: 0x80004005 (NS_ERROR_FAILURE) [nsIUserIdleService.removeIdleObserver]
console.error: services.settings: 
  main/query-stripping Signature failed  TypeError: NetworkError when attempting to fetch resource.
1637771722199	geckodriver	INFO	Listening on 127.0.0.1:41585
1637771722709	mozrunner::runner	INFO	Running command: "/usr/bin/firefox" "--marionette" "-headless" "--remote-debugging-port" "44747" "-no-remote" "-profile" "/tmp/rust_mozprofilenbnrvT"
*** You are running in headless mode.
1637771723184	Marionette	INFO	Marionette enabled
Crash Annotation GraphicsCriticalError: |[0][GFX1-]: RenderCompositorSWGL failed mapping default framebuffer, no dt (t=0.983997) [GFX1-]: RenderCompositorSWGL failed mapping default framebuffer, no dt
console.warn: SearchSettings: "get: No settings file exists, new profile?" (new NotFoundError("Could not open the file at /tmp/rust_mozprofilenbnrvT/search.json.mozlz4", (void 0)))
DevTools listening on ws://localhost:44747/devtools/browser/f62f0f57-5037-49f5-aa5c-a059a006cde2
1637771724241	Marionette	INFO	Listening on port 45021
1637771724331	RemoteAgent	WARN	TLS certificate errors will be ignored for this session
JavaScript warning: https://assets.genius.com/javascripts/compiled/reactSongClient.desktop-cb5c85c382953c0cbcec.js, line 13: unreachable code after return statement
JavaScript warning: https://assets.genius.com/javascripts/compiled/reactSongClient.desktop-cb5c85c382953c0cbcec.js, line 29: unreachable code after return statement
JavaScript warning: https://assets.genius.com/javascripts/compiled/reactSongClient.desktop-cb5c85c382953c0cbcec.js, line 40: unreachable code after return statement
JavaScript error: https://assets.genius.com/javascripts/compiled/reactSongClient.desktop-cb5c85c382953c0cbcec.js, line 1: Error: Loading chunk 11 failed.
(error: https://genius.com/javascripts/compiled/reactPusher.desktop-24f554ea7addeba1a943.js)
1637771727821	Marionette	INFO	Stopped listening on port 45021
JavaScript error: resource:///modules/Interactions.jsm, line 230: NS_ERROR_FAILURE: Component returned failure code: 0x80004005 (NS_ERROR_FAILURE) [nsIUserIdleService.removeIdleObserver]

###!!! [Parent][RunMessage] Error: Channel closing: too late to send/recv, messages will be lost

1637867385830	geckodriver	INFO	Listening on 127.0.0.1:42145
1637867385858	mozrunner::runner	INFO	Running command: "/usr/bin/firefox" "--marionette" "-headless" "--remote-debugging-port" "55113" "-no-remote" "-profile" "/tmp/rust_mozprofileIvBzFi"
*** You are running in headless mode.
1637867387035	Marionette	INFO	Marionette enabled
Crash Annotation GraphicsCriticalError: |[0][GFX1-]: RenderCompositorSWGL failed mapping default framebuffer, no dt (t=1.75118) [GFX1-]: RenderCompositorSWGL failed mapping default framebuffer, no dt
console.warn: SearchSettings: "get: No settings file exists, new profile?" (new NotFoundError("Could not open the file at /tmp/rust_mozprofileIvBzFi/search.json.mozlz4", (void 0)))
DevTools listening on ws://localhost:55113/devtools/browser/505746aa-cbda-47e8-a66d-8881b4d500d1
1637867388959	Marionette	INFO	Listening on port 36451
1637867389023	RemoteAgent	WARN	TLS certificate errors will be ignored for this session
1637867396607	Marionette	INFO	Stopped listening on port 36451
JavaScript error: resource:///modules/Interactions.jsm, line 230: NS_ERROR_FAILURE: Component returned failure code: 0x80004005 (NS_ERROR_FAILURE) [nsIUserIdleService.removeIdleObserver]
