1671184431825	geckodriver	INFO	Listening on 127.0.0.1:50375
1671184432334	mozrunner::runner	INFO	Running command: "/opt/firefox/firefox-bin" "--marionette" "-headless" "--remote-debugging-port" "32857" "--remote-allow-hosts" "localhost" "-no-remote" "-profile" "/tmp/rust_mozprofilepH2p1T"
*** You are running in headless mode.
1671184432797	Marionette	INFO	Marionette enabled
1671184432803	Marionette	INFO	Listening on port 33889
Read port: 33889
WebDriver BiDi listening on ws://127.0.0.1:32857
1671184432886	RemoteAgent	WARN	TLS certificate errors will be ignored for this session
[Parent 13625, Main Thread] WARNING: /home/ruby/.local/share/applications/defaults.list contains a [Added Associations] group, but it is not permitted here.  Only the non-desktop-specific mimeapps.list file may add or remove associations.: 'glib warning', file /builds/worker/checkouts/gecko/toolkit/xre/nsSigHandlers.cpp:167

(firefox:13625): GLib-GIO-WARNING **: 11:53:53.200: /home/ruby/.local/share/applications/defaults.list contains a [Added Associations] group, but it is not permitted here.  Only the non-desktop-specific mimeapps.list file may add or remove associations.
[GFX1-]: RenderCompositorSWGL failed mapping default framebuffer, no dt
console.warn: SearchSettings: "get: No settings file exists, new profile?" (new NotFoundError("Could not open the file at /tmp/rust_mozprofilepH2p1T/search.json.mozlz4", (void 0)))
DevTools listening on ws://127.0.0.1:32857/devtools/browser/dae17328-5fa0-4cd9-8be2-36eb93c2c9b2
JavaScript warning: https://assets.genius.com/javascripts/compiled/reactSongClient.desktop-5cb6b130c97f32565b7d.js, line 2: unreachable code after return statement
JavaScript warning: https://assets.genius.com/javascripts/compiled/reactSongClient.desktop-5cb6b130c97f32565b7d.js, line 2: unreachable code after return statement
JavaScript warning: https://assets.genius.com/javascripts/compiled/reactSongClient.desktop-5cb6b130c97f32565b7d.js, line 2: unreachable code after return statement
1671184440146	Marionette	INFO	Stopped listening on port 33889
!!! error running onStopped callback: TypeError: callback is not a function
1672271999385	geckodriver	INFO	Listening on 127.0.0.1:47777
1672271999896	mozrunner::runner	INFO	Running command: "/opt/firefox/firefox-bin" "--marionette" "-headless" "--remote-debugging-port" "58231" "--remote-allow-hosts" "localhost" "-no-remote" "-profile" "/tmp/rust_mozprofileZlvP0F"
*** You are running in headless mode.
1672272000691	Marionette	INFO	Marionette enabled
1672272000696	Marionette	INFO	Listening on port 36535
Read port: 36535
WebDriver BiDi listening on ws://127.0.0.1:58231
1672272000832	RemoteAgent	WARN	TLS certificate errors will be ignored for this session
[Parent 710181, Main Thread] WARNING: /home/ruby/.local/share/applications/defaults.list contains a [Added Associations] group, but it is not permitted here.  Only the non-desktop-specific mimeapps.list file may add or remove associations.: 'glib warning', file /builds/worker/checkouts/gecko/toolkit/xre/nsSigHandlers.cpp:167

(firefox:710181): GLib-GIO-WARNING **: 02:00:01.144: /home/ruby/.local/share/applications/defaults.list contains a [Added Associations] group, but it is not permitted here.  Only the non-desktop-specific mimeapps.list file may add or remove associations.
[GFX1-]: RenderCompositorSWGL failed mapping default framebuffer, no dt
console.warn: SearchSettings: "get: No settings file exists, new profile?" (new NotFoundError("Could not open the file at /tmp/rust_mozprofileZlvP0F/search.json.mozlz4", (void 0)))
DevTools listening on ws://127.0.0.1:58231/devtools/browser/6c1b429d-70c8-4e4f-8b27-58b07c5d412e
JavaScript warning: https://assets.genius.com/javascripts/compiled/reactSongClient.desktop-c9bf06d14f73f028425c.js, line 2: unreachable code after return statement
JavaScript warning: https://assets.genius.com/javascripts/compiled/reactSongClient.desktop-c9bf06d14f73f028425c.js, line 2: unreachable code after return statement
JavaScript warning: https://assets.genius.com/javascripts/compiled/reactSongClient.desktop-c9bf06d14f73f028425c.js, line 2: unreachable code after return statement
1672272006371	Marionette	INFO	Stopped listening on port 36535
1672272048057	geckodriver	INFO	Listening on 127.0.0.1:48899
1672272048567	mozrunner::runner	INFO	Running command: "/opt/firefox/firefox-bin" "--marionette" "-headless" "--remote-debugging-port" "43043" "--remote-allow-hosts" "localhost" "-no-remote" "-profile" "/tmp/rust_mozprofileciTnP8"
*** You are running in headless mode.
1672272049047	Marionette	INFO	Marionette enabled
1672272049049	Marionette	INFO	Listening on port 38399
Read port: 38399
WebDriver BiDi listening on ws://127.0.0.1:43043
1672272049132	RemoteAgent	WARN	TLS certificate errors will be ignored for this session
[Parent 710620, Main Thread] WARNING: /home/ruby/.local/share/applications/defaults.list contains a [Added Associations] group, but it is not permitted here.  Only the non-desktop-specific mimeapps.list file may add or remove associations.: 'glib warning', file /builds/worker/checkouts/gecko/toolkit/xre/nsSigHandlers.cpp:167

(firefox:710620): GLib-GIO-WARNING **: 02:00:49.413: /home/ruby/.local/share/applications/defaults.list contains a [Added Associations] group, but it is not permitted here.  Only the non-desktop-specific mimeapps.list file may add or remove associations.
[GFX1-]: RenderCompositorSWGL failed mapping default framebuffer, no dt
console.warn: SearchSettings: "get: No settings file exists, new profile?" (new NotFoundError("Could not open the file at /tmp/rust_mozprofileciTnP8/search.json.mozlz4", (void 0)))
DevTools listening on ws://127.0.0.1:43043/devtools/browser/864eed07-df35-451f-8310-ebee18762623
JavaScript warning: https://assets.genius.com/javascripts/compiled/reactSongClient.desktop-c9bf06d14f73f028425c.js, line 2: unreachable code after return statement
JavaScript warning: https://assets.genius.com/javascripts/compiled/reactSongClient.desktop-c9bf06d14f73f028425c.js, line 2: unreachable code after return statement
JavaScript warning: https://assets.genius.com/javascripts/compiled/reactSongClient.desktop-c9bf06d14f73f028425c.js, line 2: unreachable code after return statement
1672272054456	Marionette	INFO	Stopped listening on port 38399
1672320713336	geckodriver	INFO	Listening on 127.0.0.1:37401
1672320713845	mozrunner::runner	INFO	Running command: "/opt/firefox/firefox-bin" "--marionette" "-headless" "--remote-debugging-port" "42865" "--remote-allow-hosts" "localhost" "-no-remote" "-profile" "/tmp/rust_mozprofilenefwOF"
*** You are running in headless mode.
1672320714347	Marionette	INFO	Marionette enabled
1672320714350	Marionette	INFO	Listening on port 38281
WebDriver BiDi listening on ws://127.0.0.1:42865
Read port: 38281
1672320714581	RemoteAgent	WARN	TLS certificate errors will be ignored for this session
[Parent 839610, Main Thread] WARNING: /home/ruby/.local/share/applications/defaults.list contains a [Added Associations] group, but it is not permitted here.  Only the non-desktop-specific mimeapps.list file may add or remove associations.: 'glib warning', file /builds/worker/checkouts/gecko/toolkit/xre/nsSigHandlers.cpp:167

(firefox:839610): GLib-GIO-WARNING **: 15:31:54.636: /home/ruby/.local/share/applications/defaults.list contains a [Added Associations] group, but it is not permitted here.  Only the non-desktop-specific mimeapps.list file may add or remove associations.
[GFX1-]: RenderCompositorSWGL failed mapping default framebuffer, no dt
console.warn: SearchSettings: "get: No settings file exists, new profile?" (new NotFoundError("Could not open the file at /tmp/rust_mozprofilenefwOF/search.json.mozlz4", (void 0)))
DevTools listening on ws://127.0.0.1:42865/devtools/browser/a2562c57-b36d-4e08-894a-bebdac7d57fd
JavaScript warning: https://assets.genius.com/javascripts/compiled/reactSongClient.desktop-c9bf06d14f73f028425c.js, line 2: unreachable code after return statement
JavaScript warning: https://assets.genius.com/javascripts/compiled/reactSongClient.desktop-c9bf06d14f73f028425c.js, line 2: unreachable code after return statement
JavaScript warning: https://assets.genius.com/javascripts/compiled/reactSongClient.desktop-c9bf06d14f73f028425c.js, line 2: unreachable code after return statement
1672320740673	Marionette	INFO	Stopped listening on port 38281
1672934185337	geckodriver	INFO	Listening on 127.0.0.1:39657
1672934185853	mozrunner::runner	INFO	Running command: "/opt/firefox/firefox-bin" "--marionette" "-headless" "--remote-debugging-port" "54071" "--remote-allow-hosts" "localhost" "-no-remote" "-profile" "/tmp/rust_mozprofilemPyVZb"
*** You are running in headless mode.
1672934186359	Marionette	INFO	Marionette enabled
1672934186364	Marionette	INFO	Listening on port 39395
Read port: 39395
WebDriver BiDi listening on ws://127.0.0.1:54071
1672934186522	RemoteAgent	WARN	TLS certificate errors will be ignored for this session
[Parent 29096, Main Thread] WARNING: /home/ruby/.local/share/applications/defaults.list contains a [Added Associations] group, but it is not permitted here.  Only the non-desktop-specific mimeapps.list file may add or remove associations.: 'glib warning', file /builds/worker/checkouts/gecko/toolkit/xre/nsSigHandlers.cpp:167

(firefox:29096): GLib-GIO-WARNING **: 17:56:26.747: /home/ruby/.local/share/applications/defaults.list contains a [Added Associations] group, but it is not permitted here.  Only the non-desktop-specific mimeapps.list file may add or remove associations.
[GFX1-]: RenderCompositorSWGL failed mapping default framebuffer, no dt
console.warn: SearchSettings: "get: No settings file exists, new profile?" (new NotFoundError("Could not open the file at /tmp/rust_mozprofilemPyVZb/search.json.mozlz4", (void 0)))
DevTools listening on ws://127.0.0.1:54071/devtools/browser/e5ae81a4-a6c8-473c-9e27-86f651d00514
JavaScript warning: https://assets.genius.com/javascripts/compiled/reactSongClient.desktop-c9bf06d14f73f028425c.js, line 2: unreachable code after return statement
JavaScript warning: https://assets.genius.com/javascripts/compiled/reactSongClient.desktop-c9bf06d14f73f028425c.js, line 2: unreachable code after return statement
JavaScript warning: https://assets.genius.com/javascripts/compiled/reactSongClient.desktop-c9bf06d14f73f028425c.js, line 2: unreachable code after return statement
1672934191595	Marionette	INFO	Stopped listening on port 39395
1673255526272	geckodriver	INFO	Listening on 127.0.0.1:42713
1673255526786	mozrunner::runner	INFO	Running command: "/opt/firefox/firefox-bin" "--marionette" "-headless" "--remote-debugging-port" "56473" "--remote-allow-hosts" "localhost" "-no-remote" "-profile" "/tmp/rust_mozprofileoP2PHx"
*** You are running in headless mode.
1673255527263	Marionette	INFO	Marionette enabled
1673255527265	Marionette	INFO	Listening on port 45265
Read port: 45265
WebDriver BiDi listening on ws://127.0.0.1:56473
1673255527376	RemoteAgent	WARN	TLS certificate errors will be ignored for this session
[Parent 8505, Main Thread] WARNING: /home/ruby/.local/share/applications/defaults.list contains a [Added Associations] group, but it is not permitted here.  Only the non-desktop-specific mimeapps.list file may add or remove associations.: 'glib warning', file /builds/worker/checkouts/gecko/toolkit/xre/nsSigHandlers.cpp:167

(firefox:8505): GLib-GIO-WARNING **: 11:12:07.667: /home/ruby/.local/share/applications/defaults.list contains a [Added Associations] group, but it is not permitted here.  Only the non-desktop-specific mimeapps.list file may add or remove associations.
[GFX1-]: RenderCompositorSWGL failed mapping default framebuffer, no dt
console.warn: SearchSettings: "get: No settings file exists, new profile?" (new NotFoundError("Could not open the file at /tmp/rust_mozprofileoP2PHx/search.json.mozlz4", (void 0)))
DevTools listening on ws://127.0.0.1:56473/devtools/browser/afed0ebf-10e9-4252-b517-3b865858ce44
JavaScript warning: https://assets.genius.com/javascripts/compiled/reactSongClient.desktop-c9bf06d14f73f028425c.js, line 2: unreachable code after return statement
JavaScript warning: https://assets.genius.com/javascripts/compiled/reactSongClient.desktop-c9bf06d14f73f028425c.js, line 2: unreachable code after return statement
JavaScript warning: https://assets.genius.com/javascripts/compiled/reactSongClient.desktop-c9bf06d14f73f028425c.js, line 2: unreachable code after return statement
1673255532848	Marionette	INFO	Stopped listening on port 45265
1673295945953	geckodriver	INFO	Listening on 127.0.0.1:43059
1673295946463	mozrunner::runner	INFO	Running command: "/opt/firefox/firefox-bin" "--marionette" "-headless" "--remote-debugging-port" "57975" "--remote-allow-hosts" "localhost" "-no-remote" "-profile" "/tmp/rust_mozprofile7TXg7a"
*** You are running in headless mode.
1673295946938	Marionette	INFO	Marionette enabled
1673295946943	Marionette	INFO	Listening on port 36229
Read port: 36229
WebDriver BiDi listening on ws://127.0.0.1:57975
1673295947073	RemoteAgent	WARN	TLS certificate errors will be ignored for this session
[Parent 30452, Main Thread] WARNING: /home/ruby/.local/share/applications/defaults.list contains a [Added Associations] group, but it is not permitted here.  Only the non-desktop-specific mimeapps.list file may add or remove associations.: 'glib warning', file /builds/worker/checkouts/gecko/toolkit/xre/nsSigHandlers.cpp:167

(firefox:30452): GLib-GIO-WARNING **: 22:25:47.393: /home/ruby/.local/share/applications/defaults.list contains a [Added Associations] group, but it is not permitted here.  Only the non-desktop-specific mimeapps.list file may add or remove associations.
[GFX1-]: RenderCompositorSWGL failed mapping default framebuffer, no dt
console.warn: SearchSettings: "get: No settings file exists, new profile?" (new NotFoundError("Could not open the file at /tmp/rust_mozprofile7TXg7a/search.json.mozlz4", (void 0)))
DevTools listening on ws://127.0.0.1:57975/devtools/browser/8fc9b05e-6e4b-415a-b4db-8cbf06d16a61
JavaScript warning: https://assets.genius.com/javascripts/compiled/reactSongClient.desktop-c9bf06d14f73f028425c.js, line 2: unreachable code after return statement
JavaScript warning: https://assets.genius.com/javascripts/compiled/reactSongClient.desktop-c9bf06d14f73f028425c.js, line 2: unreachable code after return statement
JavaScript warning: https://assets.genius.com/javascripts/compiled/reactSongClient.desktop-c9bf06d14f73f028425c.js, line 2: unreachable code after return statement
1673295952932	Marionette	INFO	Stopped listening on port 36229
1673302000408	geckodriver	INFO	Listening on 127.0.0.1:52693
1673302000916	mozrunner::runner	INFO	Running command: "/opt/firefox/firefox-bin" "--marionette" "-headless" "--remote-debugging-port" "55835" "--remote-allow-hosts" "localhost" "-no-remote" "-profile" "/tmp/rust_mozprofilemAYH1h"
*** You are running in headless mode.
1673302001410	Marionette	INFO	Marionette enabled
1673302001415	Marionette	INFO	Listening on port 32943
Read port: 32943
WebDriver BiDi listening on ws://127.0.0.1:55835
1673302001557	RemoteAgent	WARN	TLS certificate errors will be ignored for this session
[Parent 6232, Main Thread] WARNING: /home/ruby/.local/share/applications/defaults.list contains a [Added Associations] group, but it is not permitted here.  Only the non-desktop-specific mimeapps.list file may add or remove associations.: 'glib warning', file /builds/worker/checkouts/gecko/toolkit/xre/nsSigHandlers.cpp:167

(firefox:6232): GLib-GIO-WARNING **: 00:06:41.848: /home/ruby/.local/share/applications/defaults.list contains a [Added Associations] group, but it is not permitted here.  Only the non-desktop-specific mimeapps.list file may add or remove associations.
[GFX1-]: RenderCompositorSWGL failed mapping default framebuffer, no dt
console.warn: SearchSettings: "get: No settings file exists, new profile?" (new NotFoundError("Could not open the file at /tmp/rust_mozprofilemAYH1h/search.json.mozlz4", (void 0)))
DevTools listening on ws://127.0.0.1:55835/devtools/browser/02a46c91-1ddd-446b-ab62-195505acf28b
JavaScript warning: https://assets.genius.com/javascripts/compiled/reactSongClient.desktop-c9bf06d14f73f028425c.js, line 2: unreachable code after return statement
JavaScript warning: https://assets.genius.com/javascripts/compiled/reactSongClient.desktop-c9bf06d14f73f028425c.js, line 2: unreachable code after return statement
JavaScript warning: https://assets.genius.com/javascripts/compiled/reactSongClient.desktop-c9bf06d14f73f028425c.js, line 2: unreachable code after return statement
1673302008394	Marionette	INFO	Stopped listening on port 32943
1673304145018	geckodriver	INFO	Listening on 127.0.0.1:35007
1673304145526	mozrunner::runner	INFO	Running command: "/opt/firefox/firefox-bin" "--marionette" "-headless" "--remote-debugging-port" "44457" "--remote-allow-hosts" "localhost" "-no-remote" "-profile" "/tmp/rust_mozprofilekmvLyx"
*** You are running in headless mode.
1673304146050	Marionette	INFO	Marionette enabled
1673304146052	Marionette	INFO	Listening on port 34135
WebDriver BiDi listening on ws://127.0.0.1:44457
Read port: 34135
1673304146360	RemoteAgent	WARN	TLS certificate errors will be ignored for this session
[Parent 15305, Main Thread] WARNING: /home/ruby/.local/share/applications/defaults.list contains a [Added Associations] group, but it is not permitted here.  Only the non-desktop-specific mimeapps.list file may add or remove associations.: 'glib warning', file /builds/worker/checkouts/gecko/toolkit/xre/nsSigHandlers.cpp:167

(firefox:15305): GLib-GIO-WARNING **: 00:42:26.415: /home/ruby/.local/share/applications/defaults.list contains a [Added Associations] group, but it is not permitted here.  Only the non-desktop-specific mimeapps.list file may add or remove associations.
[GFX1-]: RenderCompositorSWGL failed mapping default framebuffer, no dt
console.warn: SearchSettings: "get: No settings file exists, new profile?" (new NotFoundError("Could not open the file at /tmp/rust_mozprofilekmvLyx/search.json.mozlz4", (void 0)))
DevTools listening on ws://127.0.0.1:44457/devtools/browser/9d3e292b-132e-4a72-9465-7459fa65e1a7
JavaScript warning: https://assets.genius.com/javascripts/compiled/reactSongClient.desktop-c9bf06d14f73f028425c.js, line 2: unreachable code after return statement
JavaScript warning: https://assets.genius.com/javascripts/compiled/reactSongClient.desktop-c9bf06d14f73f028425c.js, line 2: unreachable code after return statement
JavaScript warning: https://assets.genius.com/javascripts/compiled/reactSongClient.desktop-c9bf06d14f73f028425c.js, line 2: unreachable code after return statement
JavaScript error: resource://gre/modules/ConduitsChild.jsm, line 67: InvalidStateError: JSWindowActorChild.sendAsyncMessage: JSWindowActorChild cannot send at the moment
JavaScript error: moz-extension://f6a5d607-ce8c-4c1b-9651-2014d08be8f2/js/vapi-client.js, line 230: InvalidStateError: An exception was thrown
[2023-01-09T22:42:35Z ERROR mp4parse] Found 2 nul bytes in "\0\0"
1673304155451	Marionette	INFO	Stopped listening on port 34135
